<?xml version="1.0" encoding="UTF-8"?>
<testsuite xmlns:xsi="http://www.w3.org/2001/XMLSchema-instance" xsi:noNamespaceSchemaLocation="https://maven.apache.org/surefire/maven-surefire-plugin/xsd/surefire-test-report-3.0.xsd" version="3.0" name="fr.univlyon1.flightmaster.lib.IOServiceTests" time="0.139" tests="5" errors="0" skipped="0" failures="0">
  <properties>
    <property name="java.specification.version" value="21"/>
    <property name="sun.cpu.isalist" value="amd64"/>
    <property name="sun.jnu.encoding" value="Cp1252"/>
    <property name="java.class.path" value="C:\Users\Lilian\IdeaProjects\flightmaster\flightmaster-lib\target\test-classes;C:\Users\Lilian\IdeaProjects\flightmaster\flightmaster-lib\target\classes;C:\Users\Lilian\.m2\repository\org\junit\jupiter\junit-jupiter-api\5.7.0\junit-jupiter-api-5.7.0.jar;C:\Users\Lilian\.m2\repository\org\apiguardian\apiguardian-api\1.1.0\apiguardian-api-1.1.0.jar;C:\Users\Lilian\.m2\repository\org\opentest4j\opentest4j\1.2.0\opentest4j-1.2.0.jar;C:\Users\Lilian\.m2\repository\org\junit\platform\junit-platform-commons\1.7.0\junit-platform-commons-1.7.0.jar;C:\Users\Lilian\.m2\repository\org\graphstream\gs-core\2.0\gs-core-2.0.jar;C:\Users\Lilian\.m2\repository\org\graphstream\pherd\1.0\pherd-1.0.jar;C:\Users\Lilian\.m2\repository\org\graphstream\mbox2\1.0\mbox2-1.0.jar;C:\Users\Lilian\.m2\repository\org\graphstream\gs-ui-swing\2.0\gs-ui-swing-2.0.jar;C:\Users\Lilian\.m2\repository\org\graphstream\gs-algo\2.0\gs-algo-2.0.jar;C:\Users\Lilian\.m2\repository\org\apache\commons\commons-math\2.1\commons-math-2.1.jar;C:\Users\Lilian\.m2\repository\org\apache\commons\commons-math3\3.4.1\commons-math3-3.4.1.jar;C:\Users\Lilian\.m2\repository\org\jfree\jfreechart\1.0.14\jfreechart-1.0.14.jar;C:\Users\Lilian\.m2\repository\org\jfree\jcommon\1.0.17\jcommon-1.0.17.jar;C:\Users\Lilian\.m2\repository\xml-apis\xml-apis\1.3.04\xml-apis-1.3.04.jar;C:\Users\Lilian\.m2\repository\com\lowagie\itext\2.1.5\itext-2.1.5.jar;C:\Users\Lilian\.m2\repository\bouncycastle\bcmail-jdk14\138\bcmail-jdk14-138.jar;C:\Users\Lilian\.m2\repository\bouncycastle\bcprov-jdk14\138\bcprov-jdk14-138.jar;C:\Users\Lilian\.m2\repository\org\apache\commons\commons-csv\1.11.0\commons-csv-1.11.0.jar;C:\Users\Lilian\.m2\repository\commons-io\commons-io\2.16.1\commons-io-2.16.1.jar;C:\Users\Lilian\.m2\repository\commons-codec\commons-codec\1.16.1\commons-codec-1.16.1.jar;C:\Users\Lilian\.m2\repository\org\apache\maven\plugins\maven-compiler-plugin\3.13.0\maven-compiler-plugin-3.13.0.jar;C:\Users\Lilian\.m2\repository\org\apache\maven\shared\maven-shared-utils\3.4.2\maven-shared-utils-3.4.2.jar;C:\Users\Lilian\.m2\repository\org\apache\maven\shared\maven-shared-incremental\1.1\maven-shared-incremental-1.1.jar;C:\Users\Lilian\.m2\repository\org\codehaus\plexus\plexus-java\1.2.0\plexus-java-1.2.0.jar;C:\Users\Lilian\.m2\repository\org\ow2\asm\asm\9.6\asm-9.6.jar;C:\Users\Lilian\.m2\repository\com\thoughtworks\qdox\qdox\2.0.3\qdox-2.0.3.jar;C:\Users\Lilian\.m2\repository\org\codehaus\plexus\plexus-compiler-api\2.15.0\plexus-compiler-api-2.15.0.jar;C:\Users\Lilian\.m2\repository\org\codehaus\plexus\plexus-compiler-manager\2.15.0\plexus-compiler-manager-2.15.0.jar;C:\Users\Lilian\.m2\repository\org\codehaus\plexus\plexus-xml\3.0.0\plexus-xml-3.0.0.jar;C:\Users\Lilian\.m2\repository\org\codehaus\plexus\plexus-compiler-javac\2.15.0\plexus-compiler-javac-2.15.0.jar;C:\Users\Lilian\.m2\repository\org\codehaus\plexus\plexus-utils\4.0.0\plexus-utils-4.0.0.jar;C:\Users\Lilian\.m2\repository\org\apache\maven\plugins\maven-jar-plugin\3.4.1\maven-jar-plugin-3.4.1.jar;C:\Users\Lilian\.m2\repository\org\apache\maven\shared\file-management\3.1.0\file-management-3.1.0.jar;C:\Users\Lilian\.m2\repository\org\apache\maven\maven-archiver\3.6.2\maven-archiver-3.6.2.jar;C:\Users\Lilian\.m2\repository\org\codehaus\plexus\plexus-interpolation\1.27\plexus-interpolation-1.27.jar;C:\Users\Lilian\.m2\repository\org\codehaus\plexus\plexus-archiver\4.9.2\plexus-archiver-4.9.2.jar;C:\Users\Lilian\.m2\repository\org\codehaus\plexus\plexus-io\3.4.2\plexus-io-3.4.2.jar;C:\Users\Lilian\.m2\repository\org\apache\commons\commons-compress\1.26.1\commons-compress-1.26.1.jar;C:\Users\Lilian\.m2\repository\org\apache\commons\commons-lang3\3.14.0\commons-lang3-3.14.0.jar;C:\Users\Lilian\.m2\repository\org\iq80\snappy\snappy\0.4\snappy-0.4.jar;C:\Users\Lilian\.m2\repository\org\tukaani\xz\1.9\xz-1.9.jar;C:\Users\Lilian\.m2\repository\com\github\luben\zstd-jni\1.5.5-11\zstd-jni-1.5.5-11.jar;C:\Users\Lilian\.m2\repository\javax\inject\javax.inject\1\javax.inject-1.jar;C:\Users\Lilian\.m2\repository\org\slf4j\slf4j-api\1.7.36\slf4j-api-1.7.36.jar;"/>
    <property name="java.vm.vendor" value="Oracle Corporation"/>
    <property name="sun.arch.data.model" value="64"/>
    <property name="user.variant" value=""/>
    <property name="java.vendor.url" value="https://java.oracle.com/"/>
    <property name="user.timezone" value="Europe/Paris"/>
    <property name="os.name" value="Windows 11"/>
    <property name="java.vm.specification.version" value="21"/>
    <property name="sun.java.launcher" value="SUN_STANDARD"/>
    <property name="user.country" value="FR"/>
    <property name="sun.boot.library.path" value="C:\Program Files\Java\jdk-21\bin"/>
    <property name="sun.java.command" value="C:\Users\Lilian\AppData\Local\Temp\surefire2570564309216013125\surefirebooter-20240624134752708_3.jar C:\Users\Lilian\AppData\Local\Temp\surefire2570564309216013125 2024-06-24T13-47-52_202-jvmRun1 surefire-20240624134752708_1tmp surefire_0-20240624134752708_2tmp"/>
    <property name="jdk.debug" value="release"/>
    <property name="surefire.test.class.path" value="C:\Users\Lilian\IdeaProjects\flightmaster\flightmaster-lib\target\test-classes;C:\Users\Lilian\IdeaProjects\flightmaster\flightmaster-lib\target\classes;C:\Users\Lilian\.m2\repository\org\junit\jupiter\junit-jupiter-api\5.7.0\junit-jupiter-api-5.7.0.jar;C:\Users\Lilian\.m2\repository\org\apiguardian\apiguardian-api\1.1.0\apiguardian-api-1.1.0.jar;C:\Users\Lilian\.m2\repository\org\opentest4j\opentest4j\1.2.0\opentest4j-1.2.0.jar;C:\Users\Lilian\.m2\repository\org\junit\platform\junit-platform-commons\1.7.0\junit-platform-commons-1.7.0.jar;C:\Users\Lilian\.m2\repository\org\graphstream\gs-core\2.0\gs-core-2.0.jar;C:\Users\Lilian\.m2\repository\org\graphstream\pherd\1.0\pherd-1.0.jar;C:\Users\Lilian\.m2\repository\org\graphstream\mbox2\1.0\mbox2-1.0.jar;C:\Users\Lilian\.m2\repository\org\graphstream\gs-ui-swing\2.0\gs-ui-swing-2.0.jar;C:\Users\Lilian\.m2\repository\org\graphstream\gs-algo\2.0\gs-algo-2.0.jar;C:\Users\Lilian\.m2\repository\org\apache\commons\commons-math\2.1\commons-math-2.1.jar;C:\Users\Lilian\.m2\repository\org\apache\commons\commons-math3\3.4.1\commons-math3-3.4.1.jar;C:\Users\Lilian\.m2\repository\org\jfree\jfreechart\1.0.14\jfreechart-1.0.14.jar;C:\Users\Lilian\.m2\repository\org\jfree\jcommon\1.0.17\jcommon-1.0.17.jar;C:\Users\Lilian\.m2\repository\xml-apis\xml-apis\1.3.04\xml-apis-1.3.04.jar;C:\Users\Lilian\.m2\repository\com\lowagie\itext\2.1.5\itext-2.1.5.jar;C:\Users\Lilian\.m2\repository\bouncycastle\bcmail-jdk14\138\bcmail-jdk14-138.jar;C:\Users\Lilian\.m2\repository\bouncycastle\bcprov-jdk14\138\bcprov-jdk14-138.jar;C:\Users\Lilian\.m2\repository\org\apache\commons\commons-csv\1.11.0\commons-csv-1.11.0.jar;C:\Users\Lilian\.m2\repository\commons-io\commons-io\2.16.1\commons-io-2.16.1.jar;C:\Users\Lilian\.m2\repository\commons-codec\commons-codec\1.16.1\commons-codec-1.16.1.jar;C:\Users\Lilian\.m2\repository\org\apache\maven\plugins\maven-compiler-plugin\3.13.0\maven-compiler-plugin-3.13.0.jar;C:\Users\Lilian\.m2\repository\org\apache\maven\shared\maven-shared-utils\3.4.2\maven-shared-utils-3.4.2.jar;C:\Users\Lilian\.m2\repository\org\apache\maven\shared\maven-shared-incremental\1.1\maven-shared-incremental-1.1.jar;C:\Users\Lilian\.m2\repository\org\codehaus\plexus\plexus-java\1.2.0\plexus-java-1.2.0.jar;C:\Users\Lilian\.m2\repository\org\ow2\asm\asm\9.6\asm-9.6.jar;C:\Users\Lilian\.m2\repository\com\thoughtworks\qdox\qdox\2.0.3\qdox-2.0.3.jar;C:\Users\Lilian\.m2\repository\org\codehaus\plexus\plexus-compiler-api\2.15.0\plexus-compiler-api-2.15.0.jar;C:\Users\Lilian\.m2\repository\org\codehaus\plexus\plexus-compiler-manager\2.15.0\plexus-compiler-manager-2.15.0.jar;C:\Users\Lilian\.m2\repository\org\codehaus\plexus\plexus-xml\3.0.0\plexus-xml-3.0.0.jar;C:\Users\Lilian\.m2\repository\org\codehaus\plexus\plexus-compiler-javac\2.15.0\plexus-compiler-javac-2.15.0.jar;C:\Users\Lilian\.m2\repository\org\codehaus\plexus\plexus-utils\4.0.0\plexus-utils-4.0.0.jar;C:\Users\Lilian\.m2\repository\org\apache\maven\plugins\maven-jar-plugin\3.4.1\maven-jar-plugin-3.4.1.jar;C:\Users\Lilian\.m2\repository\org\apache\maven\shared\file-management\3.1.0\file-management-3.1.0.jar;C:\Users\Lilian\.m2\repository\org\apache\maven\maven-archiver\3.6.2\maven-archiver-3.6.2.jar;C:\Users\Lilian\.m2\repository\org\codehaus\plexus\plexus-interpolation\1.27\plexus-interpolation-1.27.jar;C:\Users\Lilian\.m2\repository\org\codehaus\plexus\plexus-archiver\4.9.2\plexus-archiver-4.9.2.jar;C:\Users\Lilian\.m2\repository\org\codehaus\plexus\plexus-io\3.4.2\plexus-io-3.4.2.jar;C:\Users\Lilian\.m2\repository\org\apache\commons\commons-compress\1.26.1\commons-compress-1.26.1.jar;C:\Users\Lilian\.m2\repository\org\apache\commons\commons-lang3\3.14.0\commons-lang3-3.14.0.jar;C:\Users\Lilian\.m2\repository\org\iq80\snappy\snappy\0.4\snappy-0.4.jar;C:\Users\Lilian\.m2\repository\org\tukaani\xz\1.9\xz-1.9.jar;C:\Users\Lilian\.m2\repository\com\github\luben\zstd-jni\1.5.5-11\zstd-jni-1.5.5-11.jar;C:\Users\Lilian\.m2\repository\javax\inject\javax.inject\1\javax.inject-1.jar;C:\Users\Lilian\.m2\repository\org\slf4j\slf4j-api\1.7.36\slf4j-api-1.7.36.jar;"/>
    <property name="sun.cpu.endian" value="little"/>
    <property name="user.home" value="C:\Users\Lilian"/>
    <property name="user.language" value="fr"/>
    <property name="java.specification.vendor" value="Oracle Corporation"/>
    <property name="java.version.date" value="2024-01-16"/>
    <property name="java.home" value="C:\Program Files\Java\jdk-21"/>
    <property name="file.separator" value="\"/>
    <property name="basedir" value="C:\Users\Lilian\IdeaProjects\flightmaster\flightmaster-lib"/>
    <property name="java.vm.compressedOopsMode" value="Zero based"/>
    <property name="line.separator" value="&#10;"/>
    <property name="java.vm.specification.vendor" value="Oracle Corporation"/>
    <property name="java.specification.name" value="Java Platform API Specification"/>
    <property name="surefire.real.class.path" value="C:\Users\Lilian\AppData\Local\Temp\surefire2570564309216013125\surefirebooter-20240624134752708_3.jar"/>
    <property name="user.script" value=""/>
    <property name="sun.management.compiler" value="HotSpot 64-Bit Tiered Compilers"/>
    <property name="java.runtime.version" value="21.0.2+13-LTS-58"/>
    <property name="user.name" value="Lilian"/>
    <property name="stdout.encoding" value="Cp1252"/>
    <property name="path.separator" value=";"/>
    <property name="os.version" value="10.0"/>
    <property name="java.runtime.name" value="Java(TM) SE Runtime Environment"/>
    <property name="file.encoding" value="UTF-8"/>
    <property name="java.vm.name" value="Java HotSpot(TM) 64-Bit Server VM"/>
    <property name="localRepository" value="C:\Users\Lilian\.m2\repository"/>
    <property name="java.vendor.url.bug" value="https://bugreport.java.com/bugreport/"/>
    <property name="java.io.tmpdir" value="C:\Users\Lilian\AppData\Local\Temp\"/>
    <property name="java.version" value="21.0.2"/>
    <property name="user.dir" value="C:\Users\Lilian\IdeaProjects\flightmaster\flightmaster-lib"/>
    <property name="os.arch" value="amd64"/>
    <property name="java.vm.specification.name" value="Java Virtual Machine Specification"/>
    <property name="sun.os.patch.level" value=""/>
    <property name="native.encoding" value="Cp1252"/>
    <property name="java.library.path" value="C:\Program Files\Java\jdk-21\bin;C:\Windows\Sun\Java\bin;C:\Windows\system32;C:\Windows;C:\Program Files\PowerShell\7;C:\Program Files (x86)\VMware\VMware Workstation\bin\;C:\Program Files\Oracle Client for Microsoft Tools\;C:\Program Files\Common Files\Oracle\Java\javapath;C:\Program Files (x86)\Common Files\Oracle\Java\javapath;C:\Windows\system32;C:\Windows;C:\Windows\System32\Wbem;C:\Windows\System32\WindowsPowerShell\v1.0\;C:\Windows\System32\OpenSSH\;C:\Program Files\dotnet\;C:\Program Files\nodejs\;C:\Windows\System32\cmd.exe;C:\msys64\ucrt64\bin;C:\Program Files\TortoiseGit\bin;C:\Program Files\Graphviz\bin;C;C:\Program Files\Streamlink\bin;C:\Users\Lilian\Desktop\c\curl\vcpkg;C:\Program Files\Mullvad VPN\resources;C:\Program Files\Go\bin;C:\Apache24\bin;C:\Program Files\PuTTY\;C:\Program Files\apache-maven-3.9.6\bin;C:\Program Files\Java\jdk-21\bin;C:\Program Files\Git\cmd;C:\Program Files\PowerShell\7\;C:\Users\Lilian\.cargo\bin;C:\Users\Lilian\AppData\Local\Programs\Python\Python311\Scripts\;C:\Users\Lilian\AppData\Local\Programs\Python\Python311\;C:\Users\Lilian\AppData\Local\Microsoft\WindowsApps;C:\Users\Lilian\AppData\Local\Programs\Microsoft VS Code\bin;C:\Users\Lilian\AppData\Roaming\npm;C:\Program Files\JetBrains\CLion 2022.3.1\bin;;C:\Program Files\JetBrains\RustRover 233.8264.22\bin;;C:\Program Files\JetBrains\DataGrip 2023.2.2\bin;;C:\;;C:\Program Files\JetBrains\IntelliJ IDEA 2022.3.1\bin;;C:\Users\Lilian\go\bin;C:\Users\Lilian\AppData\Local\Programs\oh-my-posh\bin;."/>
    <property name="java.vm.info" value="mixed mode, sharing"/>
    <property name="stderr.encoding" value="Cp1252"/>
    <property name="java.vendor" value="Oracle Corporation"/>
    <property name="java.vm.version" value="21.0.2+13-LTS-58"/>
    <property name="sun.io.unicode.encoding" value="UnicodeLittle"/>
    <property name="java.class.version" value="65.0"/>
  </properties>
  <testcase name="testLoadFlights" classname="fr.univlyon1.flightmaster.lib.IOServiceTests" time="0.008"/>
  <testcase name="testGraphColoringExport(Path)" classname="fr.univlyon1.flightmaster.lib.IOServiceTests" time="0.102"/>
  <testcase name="testExportConflicts(Path)" classname="fr.univlyon1.flightmaster.lib.IOServiceTests" time="0.012"/>
  <testcase name="testLoadAirports" classname="fr.univlyon1.flightmaster.lib.IOServiceTests" time="0.006"/>
  <testcase name="testLoadGraph" classname="fr.univlyon1.flightmaster.lib.IOServiceTests" time="0.005"/>
</testsuite>